app/mapping.txt
# compiler: R8
# compiler_version: 2.2.71
# min_api: 10
# pg_map_id: cbf1973
# common_typos_disable
com.obsidium.bettermanual.ActivityInterface -> a.b.a.a:
    com.sony.scalar.hardware.avio.DisplayManager getDisplayManager() -> G
    android.os.Handler getMainHandler() -> U
    void setSurfaceViewOnTouchListner(android.view.View$OnTouchListener) -> V
    void closeApp() -> a
    com.obsidium.bettermanual.AvIndexManager getAvIndexManager() -> d
    void loadFragment(int) -> g
    void setCaptureDoneEventListner(com.obsidium.bettermanual.camera.CaptureSession$CaptureDoneEvent) -> j
    void cancelBulbCapture() -> p
    void setBulbCapture(boolean) -> s
    com.obsidium.bettermanual.KeyEventHandler getDialHandler() -> v
    java.lang.String getResString(int) -> y
com.obsidium.bettermanual.AvIndexManager -> a.b.a.b:
    android.content.IntentFilter AVAILABLE_SIZE_INTENTS -> h
    android.content.IntentFilter MEDIA_INTENTS -> g
    android.database.Cursor cursor -> c
    long _id -> f
    android.content.ContentResolver contentResolver -> b
    java.lang.String TAG -> a
    android.net.Uri mediaStorageUri -> d
    android.content.Context context -> e
    1:1:void <clinit>():50:50 -> <clinit>
    1:1:void <init>(android.content.ContentResolver,android.content.Context):62:62 -> <init>
    2:3:void <init>(android.content.ContentResolver,android.content.Context):58:59 -> <init>
    4:6:void <init>(android.content.ContentResolver,android.content.Context):63:65 -> <init>
    1:1:com.sony.scalar.media.AvindexContentInfo getContentInfo():130:130 -> a
    2:2:com.sony.scalar.media.AvindexContentInfo getContentInfo():132:132 -> a
    1:1:int getCount():171:171 -> b
    1:1:android.database.Cursor getCursorFromUri(android.net.Uri):75:75 -> c
    1:1:java.lang.String getData():87:87 -> d
    1:1:java.lang.String getFileName():97:97 -> e
    1:1:java.lang.String getFolder():92:92 -> f
    1:1:java.lang.String getId():125:125 -> g
    1:1:int getPosition():166:166 -> h
    1:1:boolean isSupported():40:40 -> i
    2:2:boolean isSupported():45:45 -> i
    1:1:void moveToNext():146:146 -> j
    2:5:void moveToNext():148:151 -> j
    1:1:void moveToPrevious():156:156 -> k
    2:5:void moveToPrevious():158:161 -> k
com.obsidium.bettermanual.CameraUtil -> a.b.a.c:
    com.obsidium.bettermanual.camera.ShutterSpeedValue[] SHUTTER_SPEED_VALUES -> a
    1:1:void <clinit>():9:9 -> <clinit>
    1:1:java.lang.String formatShutterSpeed(int,int):86:86 -> a
    2:2:java.lang.String formatShutterSpeed(int,int):92:92 -> a
    3:3:java.lang.String formatShutterSpeed(int,int):95:95 -> a
    1:1:int getShutterValueIndex(int,int):72:72 -> b
    2:3:int getShutterValueIndex(int,int):74:75 -> b
    1:1:int getShutterValueIndex(android.util.Pair):67:67 -> c
com.obsidium.bettermanual.CustomExceptionHandler -> a.b.a.d:
    java.lang.Thread$UncaughtExceptionHandler defaultUEH -> a
    1:2:void <init>():14:15 -> <init>
    1:8:void uncaughtException(java.lang.Thread,java.lang.Throwable):19:26 -> uncaughtException
...
com.github.ma1co.openmemories.framework.DeviceInfo -> a.a.a.a.a.a:
    com.github.ma1co.openmemories.framework.DeviceInfo instance -> b
    java.lang.Boolean isCamera -> a
    1:4:void <clinit>():95:95 -> <clinit>
    5:5:void <clinit>():98:98 -> <clinit>
    1:1:void <init>(com.github.ma1co.openmemories.framework.DeviceInfo$1):12:12 -> <init>
    2:2:void <init>():107:107 -> <init>
    1:1:com.github.ma1co.openmemories.framework.DeviceInfo getInstance():104:104 -> a
    1:1:java.lang.String getModel():128:128 -> b
com.github.ma1co.openmemories.framework.DeviceInfo$1 -> a.a.a.a.a.a$a:
com.github.ma1co.openmemories.framework.DeviceInfo$CameraDeviceInfo -> a.a.a.a.a.a$b:
    com.github.ma1co.openmemories.util.BiMap categoryMap -> c
    1:1:void <init>(com.github.ma1co.openmemories.framework.DeviceInfo$1):18:18 -> <init>
    2:7:void <init>():21:26 -> <init>
    1:1:java.lang.String getModel():46:46 -> b
    1:1:java.lang.String getString(java.lang.String):34:34 -> c
com.github.ma1co.openmemories.framework.DeviceInfo$Category -> a.a.a.a.a.a$c:
    com.github.ma1co.openmemories.framework.DeviceInfo$Category OTHER -> e
    com.github.ma1co.openmemories.framework.DeviceInfo$Category[] $VALUES -> f
    com.github.ma1co.openmemories.framework.DeviceInfo$Category A_MOUNT_CAMERA -> a
    com.github.ma1co.openmemories.framework.DeviceInfo$Category E_MOUNT_CAMERA -> b
    com.github.ma1co.openmemories.framework.DeviceInfo$Category STILL_CAMERA -> c
    com.github.ma1co.openmemories.framework.DeviceInfo$Category ACTION_CAMERA -> d
    1:5:void <clinit>():84:88 -> <clinit>
    6:6:void <clinit>():83:83 -> <clinit>
    1:1:void <init>(java.lang.String,int):83:83 -> <init>
    1:1:com.github.ma1co.openmemories.framework.DeviceInfo$Category valueOf(java.lang.String):83:83 -> valueOf
    1:1:com.github.ma1co.openmemories.framework.DeviceInfo$Category[] values():83:83 -> values
com.github.ma1co.openmemories.util.BiMap -> a.a.a.a.b.a:
    java.util.Map forward -> a
    java.util.Map backward -> b
    1:3:void <init>():12:14 -> <init>
    1:2:void put(java.lang.Object,java.lang.Object):22:23 -> a
com.github.ma1co.pmcademo.app.AppNotificationManager -> a.a.a.b.a.a:
    com.github.ma1co.pmcademo.app.AppNotificationManager instance -> a
    java.util.ArrayList listeners -> b
    1:1:void <clinit>():10:10 -> <clinit>
    1:1:void <init>():18:18 -> <init>
    2:2:void <init>():16:16 -> <init>
    1:1:com.github.ma1co.pmcademo.app.AppNotificationManager getInstance():13:13 -> a
    1:2:void notify(java.lang.String):21:22 -> b
com.github.ma1co.pmcademo.app.AppNotificationManager$NotificationListener -> a.a.a.b.a.a$a:
    void onNotify(java.lang.String) -> a